============================= test session starts =============================
platform win32 -- Python 3.14.6, pytest-9.1.1, pluggy-1.6.0
rootdir: C:\Users\User\Desktop\ResearchOS
configfile: pyproject.toml
testpaths: researchos/tests, tests/unit, researchos/data_engine/tests, researchos/market_memory/tests, researchos/experiments/phase51/tests
plugins: anyio-4.14.1, hypothesis-6.156.1, cov-7.1.0, xdist-3.8.0
collected 3560 items

researchos\tests\test_architecture_boundary_experiment_quant.py ........ [  0%]
.........                                                                [  0%]
researchos\tests\test_architecture_immutability.py ...............       [  0%]
researchos\tests\test_attribution.py ................................... [  1%]
.........................                                                [  2%]
researchos\tests\test_bugfix_regressions.py ...........                  [  2%]
researchos\tests\test_cognitive_objects.py .......................       [  3%]
researchos\tests\test_constitutional.py ...........................      [  4%]
researchos\tests\test_cpp_benchmarks.py ssss                             [  4%]
researchos\tests\test_cpp_performance_benchmark.py sss                   [  4%]
researchos\tests\test_cpp_performance_integration.py sssssssssssssssssss [  5%]
sssssssssss                                                              [  5%]
researchos\tests\test_cpp_router_integration.py sssssssssssssssssss      [  5%]
researchos\tests\test_dataset_builder.py ............................... [  6%]
........................................................................ [  8%]
...........................                                              [  9%]
researchos\tests\test_dataset_evidence_emission.py ..................... [ 10%]
.                                                                        [ 10%]
researchos\tests\test_decision_engine.py ............................... [ 11%]
.....................                                                    [ 11%]
researchos\tests\test_decision_engine_evidence.py ...................... [ 12%]
......................                                                   [ 12%]
researchos\tests\test_decision_engine_reasoner_report.py ............... [ 13%]
.......                                                                  [ 13%]
researchos\tests\test_determinism_closure.py ...........                 [ 13%]
researchos\tests\test_evaluation_q16.py ................................ [ 14%]
................................                                         [ 15%]
researchos\tests\test_evidence_repository.py ........................... [ 16%]
..........                                                               [ 16%]
researchos\tests\test_experiment_backend_integration.py ................ [ 17%]
                                                                         [ 17%]
researchos\tests\test_experiment_backend_router_integration.py ......... [ 17%]
....                                                                     [ 17%]
researchos\tests\test_experiment_evidence_emission.py .................. [ 17%]
........                                                                 [ 18%]
researchos\tests\test_experiments.py ................................... [ 19%]
...........................................                              [ 20%]
researchos\tests\test_institutional.py ................................. [ 21%]
..............................................................           [ 23%]
researchos\tests\test_intelligence_q12.py .............................. [ 23%]
........................................................................ [ 25%]
........................................................................ [ 27%]
............                                                             [ 28%]
researchos\tests\test_intelligence_q13.py .............................. [ 29%]
.................................................................        [ 30%]
researchos\tests\test_lineage_query_engine.py .......................... [ 31%]
..........                                                               [ 31%]
researchos\tests\test_macro.py ......................................... [ 33%]
...................................................                      [ 34%]
researchos\tests\test_market_memory.py ................................. [ 35%]
..........................                                               [ 36%]
researchos\tests\test_market_memory_q5.py .............................. [ 36%]
.....................................................................    [ 38%]
researchos\tests\test_model_registry_q10.py ......................       [ 39%]
researchos\tests\test_object_registry_disambiguation.py .......          [ 39%]
researchos\tests\test_objects.py ..............................          [ 40%]
researchos\tests\test_orchestration_q14.py ............................  [ 41%]
researchos\tests\test_pipeline.py .....................                  [ 41%]
researchos\tests\test_pipeline_repository_q15.py ....................... [ 42%]
.....................                                                    [ 43%]
researchos\tests\test_pipeline_verification.py ......................... [ 43%]
...............................................................          [ 45%]
researchos\tests\test_process_objects.py ..........................      [ 46%]
researchos\tests\test_prop_validator.py ..                               [ 46%]
researchos\tests\test_quant_econometrics.py ..............               [ 46%]
researchos\tests\test_quant_engine.py .................................. [ 47%]
........................................................................ [ 49%]
.                                                                        [ 49%]
researchos\tests\test_quant_fundamental_analytics.py .........           [ 50%]
researchos\tests\test_quant_historical.py .....................          [ 50%]
researchos\tests\test_quant_labels.py .................................. [ 51%]
....................................................                     [ 53%]
researchos\tests\test_quant_ml_features.py ............................. [ 53%]
.......................                                                  [ 54%]
researchos\tests\test_quant_portfolio.py ......                          [ 54%]
researchos\tests\test_quant_probability.py ............................  [ 55%]
researchos\tests\test_quant_technical_indicators.py .........            [ 55%]
researchos\tests\test_quant_validation.py ............                   [ 56%]
researchos\tests\test_reproduction_contract_resolvers.py ............... [ 56%]
........                                                                 [ 56%]
researchos\tests\test_reproduction_engine.py ..................          [ 57%]
researchos\tests\test_research_engine_certification.py ................. [ 57%]
..........                                                               [ 58%]
researchos\tests\test_research_router_integration.py ..........          [ 58%]
researchos\tests\test_result_evidence_emission.py ...................... [ 58%]
.......                                                                  [ 59%]
researchos\tests\test_run_evidence_emission.py ......................... [ 59%]
...                                                                      [ 59%]
researchos\tests\test_run_hash_runner_determinism.py .....               [ 60%]
researchos\tests\test_scheduler_router_integration.py .................. [ 60%]
...                                                                      [ 60%]
researchos\tests\test_training_q13.py .................................. [ 61%]
........................................................................ [ 63%]
........................................................................ [ 65%]
......                                                                   [ 65%]
researchos\tests\test_validation_evidence_emission.py .................. [ 66%]
.................                                                        [ 66%]
researchos\tests\test_validation_objects.py ................             [ 67%]
researchos\tests\test_validation_q9.py ................................. [ 68%]
...........................                                              [ 68%]
tests\unit\test_backends\test_backend_hash.py .......................... [ 69%]
....                                                                     [ 69%]
tests\unit\test_backends\test_capabilities.py ....................       [ 70%]
tests\unit\test_backends\test_numerical_comparator.py .................. [ 70%]
...............................                                          [ 71%]
tests\unit\test_backends\test_router.py ................................ [ 72%]
                                                                         [ 72%]
tests\unit\test_backends\test_router_structured.py ................      [ 73%]
tests\unit\test_backends\test_scheduler.py ............................. [ 73%]
                                                                         [ 73%]
tests\unit\test_macro_intelligence\econometrics\test_econometrics.py ... [ 73%]
.................................................                        [ 75%]
tests\unit\test_macro_intelligence\econometrics\test_stress.py ......... [ 75%]
.......................................                                  [ 76%]
tests\unit\test_macro_intelligence\knowledge\test_knowledge.py ......... [ 76%]
.................................................                        [ 78%]
tests\unit\test_macro_intelligence\regime\classification\test_classification.py . [ 78%]
............................................................             [ 80%]
tests\unit\test_macro_intelligence\regime\detection\test_detection.py .. [ 80%]
........................................................................ [ 82%]
......                                                                   [ 82%]
tests\unit\test_macro_intelligence\regime\test_regime.py ............... [ 82%]
...........                                                              [ 83%]
tests\unit\test_macro_intelligence\regime\transition\test_transition.py . [ 83%]
.........................................................                [ 84%]
tests\unit\test_macro_intelligence\relationships\test_relationships.py . [ 84%]
.................................................                        [ 86%]
tests\unit\test_macro_intelligence\statistics\test_statistics.py ....... [ 86%]
........................................                                 [ 87%]
tests\unit\test_macro_intelligence\storage\test_storage.py ......        [ 87%]
tests\unit\test_macro_intelligence\test_all.py ........................  [ 88%]
tests\unit\test_macro_intelligence\test_architecture_guards.py ......... [ 88%]
.                                                                        [ 88%]
tests\unit\test_macro_intelligence\test_determinism.py ................. [ 88%]
                                                                         [ 88%]
tests\unit\test_macro_intelligence\test_features.py .................... [ 89%]
...                                                                      [ 89%]
tests\unit\test_macro_intelligence\test_revision_provenance.py ......... [ 89%]
...............                                                          [ 90%]
tests\unit\test_macro_intelligence\test_time_calendar.py ............... [ 90%]
..................                                                       [ 91%]
tests\unit\test_reasoning_engine\test_contracts.py ..................... [ 91%]
........                                                                 [ 92%]
tests\unit\test_reasoning_engine\test_evidence.py .........              [ 92%]
tests\unit\test_reasoning_engine\test_validation.py ............         [ 92%]
researchos\data_engine\tests\test_benchmarks.py ss                       [ 92%]
researchos\data_engine\tests\test_data_engine.py ....................... [ 93%]
........................................................................ [ 95%]
........                                                                 [ 95%]
researchos\data_engine\tests\test_data_engine_extended.py .............. [ 95%]
...............................................                          [ 97%]
researchos\data_engine\tests\test_statistics.py ........................ [ 97%]
..                                                                       [ 98%]
researchos\data_engine\tests\test_timezone_hardening.py ................ [ 98%]
..ss                                                                     [ 98%]
researchos\market_memory\tests\test_market_memory.py ................... [ 99%]
...................                                                      [ 99%]
researchos\experiments\phase51\tests\test_phase51.py .............       [100%]

============================== warnings summary ===============================
researchos/tests/test_research_engine_certification.py: 6 warnings
researchos/tests/test_research_router_integration.py: 8 warnings
  C:\Users\User\Desktop\ResearchOS\researchos\quant_engine\research_cpp_backend.py:73: UserWarning: C++ Quant Engine not available (No module named 'cpp_quant_engine.cpp_quant_backend'). Falling back to PythonQuantBackend.
    adapter = CppQuantAdapter()

-- Docs: https://docs.pytest.org/en/stable/how-to/capture-warnings.html
=============== 3500 passed, 60 skipped, 14 warnings in 44.51s ================
